837775 17126632531000000
NONE
NONE
406890766 58079755000000000
NONE
166796514 569990106000000000
27965 7337900000
1 10
1072 19000
871889 7567709000000
10031 50000
NONE
2234316 751080000000
137981527 93162940000000000
33512 72500000
2080 3790000
788 133178000
1074812503 279535000000000
10066298053 947336440000000000
NONE
107180589 424782017400000000
696031 4858000000
436494698 77937749000000000
324919 93556000000
NONE
5961 4980000
83 2223200
61 60100
5237 17360000
NONE
794 1481501000
678 901164000
102753 35100000
10954861 23051240800000000
76608182 55775900000000
NONE
9 270
90 135900
42431802 5279100000000
NONE
330840 41002109127000000
NONE
972302335 713664304000000000
8 80
4998 85800000
NONE
41805 744300000
70335 9000000
39 21900
NONE
93588187 82584168700000000
NONE
10 550
NONE
50199002 40662800000000
2904449 108359510000000
2 20
1362288 449850000000
1 10
3776430 157166501430000000
1 10
345 291000
5522597 48247401050000000
16684 4615900000
794043 39861000000
NONE
NONE
1 10
10456528502 148455110000000000
NONE
NONE
44 24200
NONE
9 3150
55 7300
3319227252 87415470000000000
73 302500
33210836465 256678700000000000
53364148 333833320600000000
11088533031 168236250000000000
95855 762371600000
NONE
75 43500
90160352746 99097900000000000
NONE
4 40
370 42841000
1 10
NONE
14 500
8 260
344413 41365000000
2955 2351280000
37230953 9050536400000000
86 18500
NONE
820016994 5693088000000000
NONE
4 40
90 108900
NONE
366905 1826534000000
NONE
10691102 22790000000
703 4123000
NONE
681 906000
NONE
421307621 162719000000000
55516773 8936363100000000
NONE
NONE
NONE
98328334 443494041700000000
6823996 94546780000000
NONE
6224 770000
671906264 95443394000000000
55192 80316400000
NONE
365 95000
155585 127820000000
NONE
558522 494424000000
2426533 702139120000000
101 200
8366482 56016242740000000
907602903 7207290000000000
NONE
NONE
111085 35800000
302209216 885004000000000
NONE
67062 159600000
80549715 680696400000000
400 910723000
89788 620896014400000
55704 1439400000
8830 35035042060000
223306656 8772342000000000
4 40
71981445 644539800000000
8211 1380000
175 85000
1976140 74962450000000
62684293 87971800000000
925 2059000
361 10000
31475 719300000
NONE
10216 100000
74984 8170241900000
9 630
9336306 552990000000
NONE
NONE
528 2319000
37776 3459900000
NONE
8819 3565520000
NONE
1 10
1 10
3970046 2391432140000000
200014761927 656598000000000000
10837 7930000
78602021 1709000000000
NONE
NONE
3 30
1 10
NONE
258 4083000
NONE
NONE
NONE
80475 88800000
107 800
NONE
48447 382080211200000
538811 61865000000
NONE
NONE
1589222025 63174600000000000
1 10
NONE
5300054875 879760000000000
17568 1350581400000
7102 730000
5 50
NONE
79397 30533166800000
NONE
138078357 93453378000000000
NONE
4512004403 283212140000000000
28439 1842630200000
9172280 760196720000000
1 10
NONE